Using pre-set license
Built from '2023.2/staging' branch; Version is '2023.2.19f1 (95c298372b1e) revision 9814680'; Using compiler version '193431935'; Build Type 'Release'
OS: 'Windows 10  (10.0.19045) 64bit Professional' Language: 'fr' Physical Memory: 32669 MB
BatchMode: 1, IsHumanControllingUs: 0, StartBugReporterOnCrash: 0, Is64bit: 1, IsPro: 1

COMMAND LINE ARGUMENTS:
C:\Program Files\Unity\Hub\Editor\2023.2.19f1\Editor\Unity.exe
-adb2
-batchMode
-noUpm
-name
AssetImportWorker0
-projectPath
F:/romain/Important/Idée jeu/GameJam/jeu 1/project/Shoot-em
-logFile
Logs/AssetImportWorker0.log
-srvPort
60131
-job-worker-count
11
-background-job-worker-count
8
-asset-garbage-collectors
1
Successfully changed project path to: F:/romain/Important/Idée jeu/GameJam/jeu 1/project/Shoot-em
F:/romain/Important/Idée jeu/GameJam/jeu 1/project/Shoot-em
[UnityMemory] Configuration Parameters - Can be set up in boot.config
    "memorysetup-bucket-allocator-granularity=16"
    "memorysetup-bucket-allocator-bucket-count=8"
    "memorysetup-bucket-allocator-block-size=33554432"
    "memorysetup-bucket-allocator-block-count=8"
    "memorysetup-main-allocator-block-size=16777216"
    "memorysetup-thread-allocator-block-size=16777216"
    "memorysetup-gfx-main-allocator-block-size=16777216"
    "memorysetup-gfx-thread-allocator-block-size=16777216"
    "memorysetup-cache-allocator-block-size=4194304"
    "memorysetup-typetree-allocator-block-size=2097152"
    "memorysetup-profiler-bucket-allocator-granularity=16"
    "memorysetup-profiler-bucket-allocator-bucket-count=8"
    "memorysetup-profiler-bucket-allocator-block-size=33554432"
    "memorysetup-profiler-bucket-allocator-block-count=8"
    "memorysetup-profiler-allocator-block-size=16777216"
    "memorysetup-profiler-editor-allocator-block-size=1048576"
    "memorysetup-temp-allocator-size-main=16777216"
    "memorysetup-job-temp-allocator-block-size=2097152"
    "memorysetup-job-temp-allocator-block-size-background=1048576"
    "memorysetup-job-temp-allocator-reduction-small-platforms=262144"
    "memorysetup-allocator-temp-initial-block-size-main=262144"
    "memorysetup-allocator-temp-initial-block-size-worker=262144"
    "memorysetup-temp-allocator-size-background-worker=32768"
    "memorysetup-temp-allocator-size-job-worker=262144"
    "memorysetup-temp-allocator-size-preload-manager=33554432"
    "memorysetup-temp-allocator-size-nav-mesh-worker=65536"
    "memorysetup-temp-allocator-size-audio-worker=65536"
    "memorysetup-temp-allocator-size-cloud-worker=32768"
    "memorysetup-temp-allocator-size-gi-baking-worker=262144"
    "memorysetup-temp-allocator-size-gi-baking-worker=262144"
    "memorysetup-temp-allocator-size-gi-baking-worker=262144"
    "memorysetup-temp-allocator-size-gi-baking-worker=262144"
    "memorysetup-temp-allocator-size-gfx=262144"
Player connection [29216] Host "[IP] 192.168.0.15 [Port] 0 [Flags] 2 [Guid] 806572528 [EditorId] 806572528 [Version] 1048832 [Id] WindowsEditor(7,DESKTOP-43MNS7H) [Debug] 1 [PackageName] WindowsEditor [ProjectName] Editor" joined multi-casting on [225.0.0.222:54997]...
Player connection [29216] Host "[IP] 192.168.0.15 [Port] 0 [Flags] 2 [Guid] 806572528 [EditorId] 806572528 [Version] 1048832 [Id] WindowsEditor(7,DESKTOP-43MNS7H) [Debug] 1 [PackageName] WindowsEditor [ProjectName] Editor" joined alternative multi-casting on [225.0.0.222:34997]...
JobSystem: Creating JobQueue using job-worker-count value 11
[Physics::Module] Initialized MultithreadedJobDispatcher with 11 workers.
Library Redirect Path: Library/
Refreshing native plugins compatible for Editor in 143.10 ms, found 3 plugins.
Preloading 0 native plugins for Editor in 0.00 ms.
Initialize engine version: 2023.2.19f1 (95c298372b1e)
[Subsystems] Discovering subsystems at path C:/Program Files/Unity/Hub/Editor/2023.2.19f1/Editor/Data/Resources/UnitySubsystems
[Subsystems] Discovering subsystems at path F:/romain/Important/Idée jeu/GameJam/jeu 1/project/Shoot-em/Assets
GfxDevice: creating device client; kGfxThreadingModeNonThreaded
Direct3D:
    Version:  Direct3D 11.0 [level 11.1]
    Renderer: AMD Radeon RX 6700 (ID=0x73df)
    Vendor:   ATI
    VRAM:     10195 MB
    Driver:   32.0.11037.4004
Initialize mono
Mono path[0] = 'C:/Program Files/Unity/Hub/Editor/2023.2.19f1/Editor/Data/Managed'
Mono path[1] = 'C:/Program Files/Unity/Hub/Editor/2023.2.19f1/Editor/Data/MonoBleedingEdge/lib/mono/unityjit-win32'
Mono config path = 'C:/Program Files/Unity/Hub/Editor/2023.2.19f1/Editor/Data/MonoBleedingEdge/etc'
Using monoOptions --debugger-agent=transport=dt_socket,embedding=1,server=y,suspend=n,address=127.0.0.1:56264
Begin MonoManager ReloadAssembly
Registering precompiled unity dll's ...
Register platform support module: C:/Program Files/Unity/Hub/Editor/2023.2.19f1/Editor/Data/PlaybackEngines/WindowsStandaloneSupport/UnityEditor.WindowsStandalone.Extensions.dll
Registered in 0.003986 seconds.
- Loaded All Assemblies, in  0.945 seconds
Native extension for WindowsStandalone target not found
Mono: successfully reloaded assembly
- Finished resetting the current domain, in  0.288 seconds
Domain Reload Profiling: 1230ms
	BeginReloadAssembly (137ms)
		ExecutionOrderSort (0ms)
		DisableScriptedObjects (0ms)
		BackupInstance (0ms)
		ReleaseScriptingObjects (0ms)
		CreateAndSetChildDomain (1ms)
	RebuildCommonClasses (176ms)
	RebuildNativeTypeToScriptingClass (12ms)
	initialDomainReloadingComplete (53ms)
	LoadAllAssembliesAndSetupDomain (565ms)
		LoadAssemblies (132ms)
		RebuildTransferFunctionScriptingTraits (0ms)
		AnalyzeDomain (562ms)
			TypeCache.Refresh (561ms)
				TypeCache.ScanAssembly (307ms)
			BuildScriptInfoCaches (0ms)
			ResolveRequiredComponents (1ms)
	FinalizeReload (288ms)
		ReleaseScriptCaches (0ms)
		RebuildScriptCaches (0ms)
		SetupLoadedEditorAssemblies (240ms)
			LogAssemblyErrors (0ms)
			InitializePlatformSupportModulesInManaged (9ms)
			SetLoadedEditorAssemblies (4ms)
			BeforeProcessingInitializeOnLoad (4ms)
			ProcessInitializeOnLoadAttributes (171ms)
			ProcessInitializeOnLoadMethodAttributes (52ms)
			AfterProcessingInitializeOnLoad (0ms)
			EditorAssembliesLoaded (0ms)
		ExecutionOrderSort2 (0ms)
		AwakeInstancesAfterBackupRestoration (0ms)
========================================================================
Worker process is ready to serve import requests
Import Worker Mode flag is 0x00
Begin MonoManager ReloadAssembly
Symbol file LoadedFromMemory doesn't match image F:\romain\Important\Idée jeu\GameJam\jeu 1\project\Shoot-em\Library\PackageCache\com.unity.visualscripting@1.8.0\Editor\VisualScripting.Core\Dependencies\YamlDotNet\Unity.VisualScripting.YamlDotNet.dll
Symbol file LoadedFromMemory doesn't match image F:\romain\Important\Idée jeu\GameJam\jeu 1\project\Shoot-em\Library\PackageCache\com.unity.visualscripting@1.8.0\Editor\VisualScripting.Core\Dependencies\DotNetZip\Unity.VisualScripting.IonicZip.dll
- Loaded All Assemblies, in  2.717 seconds
Refreshing native plugins compatible for Editor in 0.76 ms, found 3 plugins.
Native extension for WindowsStandalone target not found
Mono: successfully reloaded assembly
- Finished resetting the current domain, in  0.628 seconds
Domain Reload Profiling: 3342ms
	BeginReloadAssembly (1250ms)
		ExecutionOrderSort (0ms)
		DisableScriptedObjects (6ms)
		BackupInstance (0ms)
		ReleaseScriptingObjects (0ms)
		CreateAndSetChildDomain (26ms)
	RebuildCommonClasses (30ms)
	RebuildNativeTypeToScriptingClass (10ms)
	initialDomainReloadingComplete (33ms)
	LoadAllAssembliesAndSetupDomain (1391ms)
		LoadAssemblies (1312ms)
		RebuildTransferFunctionScriptingTraits (0ms)
		AnalyzeDomain (169ms)
			TypeCache.Refresh (147ms)
				TypeCache.ScanAssembly (106ms)
			BuildScriptInfoCaches (16ms)
			ResolveRequiredComponents (3ms)
	FinalizeReload (629ms)
		ReleaseScriptCaches (0ms)
		RebuildScriptCaches (0ms)
		SetupLoadedEditorAssemblies (481ms)
			LogAssemblyErrors (0ms)
			InitializePlatformSupportModulesInManaged (2ms)
			SetLoadedEditorAssemblies (4ms)
			BeforeProcessingInitializeOnLoad (32ms)
			ProcessInitializeOnLoadAttributes (420ms)
			ProcessInitializeOnLoadMethodAttributes (17ms)
			AfterProcessingInitializeOnLoad (6ms)
			EditorAssembliesLoaded (0ms)
		ExecutionOrderSort2 (0ms)
		AwakeInstancesAfterBackupRestoration (7ms)
Launched and connected shader compiler UnityShaderCompiler.exe after 0.01 seconds
Refreshing native plugins compatible for Editor in 1.12 ms, found 3 plugins.
Preloading 0 native plugins for Editor in 0.00 ms.
Unloading 9 Unused Serialized files (Serialized files now loaded: 0)
Unloading 3532 unused Assets / (0.8 MB). Loaded Objects now: 4112.
Memory consumption went from 106.8 MB to 105.9 MB.
Total: 5.337300 ms (FindLiveObjects: 0.354200 ms CreateObjectMapping: 0.154300 ms MarkObjects: 4.161100 ms  DeleteObjects: 0.667300 ms)

========================================================================
Received Import Request.
  Time since last request: 101591.453298 seconds.
  path: Assets/Material/White.mat
  artifactKey: Guid(68450653d7e14b7458c2097ea191cdf6) Importer(815301076,1909f56bfc062723c751e8b465ee728b)
Start importing Assets/Material/White.mat using Guid(68450653d7e14b7458c2097ea191cdf6) Importer(815301076,1909f56bfc062723c751e8b465ee728b) (PreviewImporter) -> (artifact id: '4128b3312a0a572bd1b604b94446d55a') in 0.0812568 seconds
Number of updated asset objects reloaded before import = 0Number of asset objects unloaded after import = 1

========================================================================
Received Prepare
Begin MonoManager ReloadAssembly
Symbol file LoadedFromMemory doesn't match image F:\romain\Important\Idée jeu\GameJam\jeu 1\project\Shoot-em\Library\PackageCache\com.unity.visualscripting@1.8.0\Editor\VisualScripting.Core\Dependencies\YamlDotNet\Unity.VisualScripting.YamlDotNet.dll
Symbol file LoadedFromMemory doesn't match image F:\romain\Important\Idée jeu\GameJam\jeu 1\project\Shoot-em\Library\PackageCache\com.unity.visualscripting@1.8.0\Editor\VisualScripting.Core\Dependencies\DotNetZip\Unity.VisualScripting.IonicZip.dll
- Loaded All Assemblies, in  0.498 seconds
Refreshing native plugins compatible for Editor in 0.82 ms, found 3 plugins.
Native extension for WindowsStandalone target not found
Mono: successfully reloaded assembly
- Finished resetting the current domain, in  0.610 seconds
Domain Reload Profiling: 1106ms
	BeginReloadAssembly (173ms)
		ExecutionOrderSort (0ms)
		DisableScriptedObjects (4ms)
		BackupInstance (0ms)
		ReleaseScriptingObjects (0ms)
		CreateAndSetChildDomain (41ms)
	RebuildCommonClasses (32ms)
	RebuildNativeTypeToScriptingClass (10ms)
	initialDomainReloadingComplete (29ms)
	LoadAllAssembliesAndSetupDomain (252ms)
		LoadAssemblies (251ms)
		RebuildTransferFunctionScriptingTraits (0ms)
		AnalyzeDomain (93ms)
			TypeCache.Refresh (4ms)
				TypeCache.ScanAssembly (0ms)
			BuildScriptInfoCaches (84ms)
			ResolveRequiredComponents (3ms)
	FinalizeReload (611ms)
		ReleaseScriptCaches (0ms)
		RebuildScriptCaches (0ms)
		SetupLoadedEditorAssemblies (444ms)
			LogAssemblyErrors (0ms)
			InitializePlatformSupportModulesInManaged (2ms)
			SetLoadedEditorAssemblies (4ms)
			BeforeProcessingInitializeOnLoad (33ms)
			ProcessInitializeOnLoadAttributes (380ms)
			ProcessInitializeOnLoadMethodAttributes (16ms)
			AfterProcessingInitializeOnLoad (10ms)
			EditorAssembliesLoaded (0ms)
		ExecutionOrderSort2 (0ms)
		AwakeInstancesAfterBackupRestoration (9ms)
Refreshing native plugins compatible for Editor in 1.06 ms, found 3 plugins.
Preloading 0 native plugins for Editor in 0.00 ms.
Unloading 0 Unused Serialized files (Serialized files now loaded: 0)
Unloading 3530 unused Assets / (0.8 MB). Loaded Objects now: 4154.
Memory consumption went from 107.6 MB to 106.8 MB.
Total: 5.885600 ms (FindLiveObjects: 0.364000 ms CreateObjectMapping: 0.163100 ms MarkObjects: 4.675800 ms  DeleteObjects: 0.682200 ms)

Prepare: number of updated asset objects reloaded= 0
========================================================================
Received Prepare
Begin MonoManager ReloadAssembly
Symbol file LoadedFromMemory doesn't match image F:\romain\Important\Idée jeu\GameJam\jeu 1\project\Shoot-em\Library\PackageCache\com.unity.visualscripting@1.8.0\Editor\VisualScripting.Core\Dependencies\YamlDotNet\Unity.VisualScripting.YamlDotNet.dll
Symbol file LoadedFromMemory doesn't match image F:\romain\Important\Idée jeu\GameJam\jeu 1\project\Shoot-em\Library\PackageCache\com.unity.visualscripting@1.8.0\Editor\VisualScripting.Core\Dependencies\DotNetZip\Unity.VisualScripting.IonicZip.dll
- Loaded All Assemblies, in  0.492 seconds
Refreshing native plugins compatible for Editor in 0.98 ms, found 3 plugins.
Native extension for WindowsStandalone target not found
Mono: successfully reloaded assembly
- Finished resetting the current domain, in  0.598 seconds
Domain Reload Profiling: 1089ms
	BeginReloadAssembly (166ms)
		ExecutionOrderSort (0ms)
		DisableScriptedObjects (4ms)
		BackupInstance (0ms)
		ReleaseScriptingObjects (0ms)
		CreateAndSetChildDomain (37ms)
	RebuildCommonClasses (28ms)
	RebuildNativeTypeToScriptingClass (10ms)
	initialDomainReloadingComplete (30ms)
	LoadAllAssembliesAndSetupDomain (256ms)
		LoadAssemblies (251ms)
		RebuildTransferFunctionScriptingTraits (0ms)
		AnalyzeDomain (96ms)
			TypeCache.Refresh (4ms)
				TypeCache.ScanAssembly (0ms)
			BuildScriptInfoCaches (87ms)
			ResolveRequiredComponents (3ms)
	FinalizeReload (599ms)
		ReleaseScriptCaches (0ms)
		RebuildScriptCaches (0ms)
		SetupLoadedEditorAssemblies (441ms)
			LogAssemblyErrors (0ms)
			InitializePlatformSupportModulesInManaged (2ms)
			SetLoadedEditorAssemblies (3ms)
			BeforeProcessingInitializeOnLoad (33ms)
			ProcessInitializeOnLoadAttributes (382ms)
			ProcessInitializeOnLoadMethodAttributes (15ms)
			AfterProcessingInitializeOnLoad (6ms)
			EditorAssembliesLoaded (0ms)
		ExecutionOrderSort2 (0ms)
		AwakeInstancesAfterBackupRestoration (7ms)
Refreshing native plugins compatible for Editor in 1.12 ms, found 3 plugins.
Preloading 0 native plugins for Editor in 0.00 ms.
Unloading 0 Unused Serialized files (Serialized files now loaded: 0)
Unloading 3530 unused Assets / (1.3 MB). Loaded Objects now: 4154.
Memory consumption went from 109.5 MB to 108.3 MB.
Total: 6.524800 ms (FindLiveObjects: 0.335300 ms CreateObjectMapping: 0.150400 ms MarkObjects: 4.883100 ms  DeleteObjects: 1.155300 ms)

Prepare: number of updated asset objects reloaded= 0
========================================================================
Received Prepare
Begin MonoManager ReloadAssembly
Symbol file LoadedFromMemory doesn't match image F:\romain\Important\Idée jeu\GameJam\jeu 1\project\Shoot-em\Library\PackageCache\com.unity.visualscripting@1.8.0\Editor\VisualScripting.Core\Dependencies\YamlDotNet\Unity.VisualScripting.YamlDotNet.dll
Symbol file LoadedFromMemory doesn't match image F:\romain\Important\Idée jeu\GameJam\jeu 1\project\Shoot-em\Library\PackageCache\com.unity.visualscripting@1.8.0\Editor\VisualScripting.Core\Dependencies\DotNetZip\Unity.VisualScripting.IonicZip.dll
- Loaded All Assemblies, in  0.528 seconds
Refreshing native plugins compatible for Editor in 0.99 ms, found 3 plugins.
Native extension for WindowsStandalone target not found
Mono: successfully reloaded assembly
- Finished resetting the current domain, in  0.632 seconds
Domain Reload Profiling: 1159ms
	BeginReloadAssembly (164ms)
		ExecutionOrderSort (0ms)
		DisableScriptedObjects (5ms)
		BackupInstance (0ms)
		ReleaseScriptingObjects (0ms)
		CreateAndSetChildDomain (38ms)
	RebuildCommonClasses (30ms)
	RebuildNativeTypeToScriptingClass (12ms)
	initialDomainReloadingComplete (30ms)
	LoadAllAssembliesAndSetupDomain (290ms)
		LoadAssemblies (263ms)
		RebuildTransferFunctionScriptingTraits (0ms)
		AnalyzeDomain (112ms)
			TypeCache.Refresh (6ms)
				TypeCache.ScanAssembly (1ms)
			BuildScriptInfoCaches (99ms)
			ResolveRequiredComponents (4ms)
	FinalizeReload (632ms)
		ReleaseScriptCaches (0ms)
		RebuildScriptCaches (0ms)
		SetupLoadedEditorAssemblies (464ms)
			LogAssemblyErrors (0ms)
			InitializePlatformSupportModulesInManaged (2ms)
			SetLoadedEditorAssemblies (5ms)
			BeforeProcessingInitializeOnLoad (40ms)
			ProcessInitializeOnLoadAttributes (396ms)
			ProcessInitializeOnLoadMethodAttributes (15ms)
			AfterProcessingInitializeOnLoad (6ms)
			EditorAssembliesLoaded (0ms)
		ExecutionOrderSort2 (0ms)
		AwakeInstancesAfterBackupRestoration (7ms)
Refreshing native plugins compatible for Editor in 0.91 ms, found 3 plugins.
Preloading 0 native plugins for Editor in 0.00 ms.
Unloading 0 Unused Serialized files (Serialized files now loaded: 0)
Unloading 3530 unused Assets / (0.8 MB). Loaded Objects now: 4154.
Memory consumption went from 111.5 MB to 110.6 MB.
Total: 5.748500 ms (FindLiveObjects: 0.343900 ms CreateObjectMapping: 0.406000 ms MarkObjects: 4.282500 ms  DeleteObjects: 0.715400 ms)

Prepare: number of updated asset objects reloaded= 0
========================================================================
Received Prepare
Begin MonoManager ReloadAssembly
Symbol file LoadedFromMemory doesn't match image F:\romain\Important\Idée jeu\GameJam\jeu 1\project\Shoot-em\Library\PackageCache\com.unity.visualscripting@1.8.0\Editor\VisualScripting.Core\Dependencies\YamlDotNet\Unity.VisualScripting.YamlDotNet.dll
Symbol file LoadedFromMemory doesn't match image F:\romain\Important\Idée jeu\GameJam\jeu 1\project\Shoot-em\Library\PackageCache\com.unity.visualscripting@1.8.0\Editor\VisualScripting.Core\Dependencies\DotNetZip\Unity.VisualScripting.IonicZip.dll
- Loaded All Assemblies, in  0.525 seconds
Refreshing native plugins compatible for Editor in 1.21 ms, found 3 plugins.
Native extension for WindowsStandalone target not found
Mono: successfully reloaded assembly
- Finished resetting the current domain, in  0.635 seconds
Domain Reload Profiling: 1159ms
	BeginReloadAssembly (173ms)
		ExecutionOrderSort (0ms)
		DisableScriptedObjects (5ms)
		BackupInstance (0ms)
		ReleaseScriptingObjects (0ms)
		CreateAndSetChildDomain (39ms)
	RebuildCommonClasses (39ms)
	RebuildNativeTypeToScriptingClass (15ms)
	initialDomainReloadingComplete (24ms)
	LoadAllAssembliesAndSetupDomain (272ms)
		LoadAssemblies (267ms)
		RebuildTransferFunctionScriptingTraits (0ms)
		AnalyzeDomain (100ms)
			TypeCache.Refresh (5ms)
				TypeCache.ScanAssembly (0ms)
			BuildScriptInfoCaches (89ms)
			ResolveRequiredComponents (3ms)
	FinalizeReload (636ms)
		ReleaseScriptCaches (0ms)
		RebuildScriptCaches (0ms)
		SetupLoadedEditorAssemblies (467ms)
			LogAssemblyErrors (0ms)
			InitializePlatformSupportModulesInManaged (2ms)
			SetLoadedEditorAssemblies (4ms)
			BeforeProcessingInitializeOnLoad (35ms)
			ProcessInitializeOnLoadAttributes (401ms)
			ProcessInitializeOnLoadMethodAttributes (18ms)
			AfterProcessingInitializeOnLoad (8ms)
			EditorAssembliesLoaded (0ms)
		ExecutionOrderSort2 (0ms)
		AwakeInstancesAfterBackupRestoration (8ms)
Refreshing native plugins compatible for Editor in 1.18 ms, found 3 plugins.
Preloading 0 native plugins for Editor in 0.00 ms.
Unloading 0 Unused Serialized files (Serialized files now loaded: 0)
Unloading 3530 unused Assets / (1.0 MB). Loaded Objects now: 4154.
Memory consumption went from 113.4 MB to 112.4 MB.
Total: 6.387300 ms (FindLiveObjects: 0.359700 ms CreateObjectMapping: 0.301100 ms MarkObjects: 4.732500 ms  DeleteObjects: 0.993300 ms)

Prepare: number of updated asset objects reloaded= 0
========================================================================
Received Prepare
Begin MonoManager ReloadAssembly
Symbol file LoadedFromMemory doesn't match image F:\romain\Important\Idée jeu\GameJam\jeu 1\project\Shoot-em\Library\PackageCache\com.unity.visualscripting@1.8.0\Editor\VisualScripting.Core\Dependencies\YamlDotNet\Unity.VisualScripting.YamlDotNet.dll
Symbol file LoadedFromMemory doesn't match image F:\romain\Important\Idée jeu\GameJam\jeu 1\project\Shoot-em\Library\PackageCache\com.unity.visualscripting@1.8.0\Editor\VisualScripting.Core\Dependencies\DotNetZip\Unity.VisualScripting.IonicZip.dll
- Loaded All Assemblies, in  0.533 seconds
Refreshing native plugins compatible for Editor in 0.96 ms, found 3 plugins.
Native extension for WindowsStandalone target not found
Mono: successfully reloaded assembly
- Finished resetting the current domain, in  0.637 seconds
Domain Reload Profiling: 1166ms
	BeginReloadAssembly (177ms)
		ExecutionOrderSort (0ms)
		DisableScriptedObjects (5ms)
		BackupInstance (0ms)
		ReleaseScriptingObjects (0ms)
		CreateAndSetChildDomain (40ms)
	RebuildCommonClasses (33ms)
	RebuildNativeTypeToScriptingClass (10ms)
	initialDomainReloadingComplete (30ms)
	LoadAllAssembliesAndSetupDomain (279ms)
		LoadAssemblies (271ms)
		RebuildTransferFunctionScriptingTraits (0ms)
		AnalyzeDomain (105ms)
			TypeCache.Refresh (6ms)
				TypeCache.ScanAssembly (1ms)
			BuildScriptInfoCaches (93ms)
			ResolveRequiredComponents (3ms)
	FinalizeReload (637ms)
		ReleaseScriptCaches (0ms)
		RebuildScriptCaches (0ms)
		SetupLoadedEditorAssemblies (467ms)
			LogAssemblyErrors (0ms)
			InitializePlatformSupportModulesInManaged (2ms)
			SetLoadedEditorAssemblies (4ms)
			BeforeProcessingInitializeOnLoad (42ms)
			ProcessInitializeOnLoadAttributes (398ms)
			ProcessInitializeOnLoadMethodAttributes (15ms)
			AfterProcessingInitializeOnLoad (6ms)
			EditorAssembliesLoaded (0ms)
		ExecutionOrderSort2 (0ms)
		AwakeInstancesAfterBackupRestoration (7ms)
Refreshing native plugins compatible for Editor in 0.83 ms, found 3 plugins.
Preloading 0 native plugins for Editor in 0.00 ms.
Unloading 0 Unused Serialized files (Serialized files now loaded: 0)
Unloading 3530 unused Assets / (0.8 MB). Loaded Objects now: 4154.
Memory consumption went from 115.3 MB to 114.5 MB.
Total: 5.775800 ms (FindLiveObjects: 0.355600 ms CreateObjectMapping: 0.335900 ms MarkObjects: 4.410600 ms  DeleteObjects: 0.673200 ms)

Prepare: number of updated asset objects reloaded= 0
========================================================================
Received Prepare
Begin MonoManager ReloadAssembly
Symbol file LoadedFromMemory doesn't match image F:\romain\Important\Idée jeu\GameJam\jeu 1\project\Shoot-em\Library\PackageCache\com.unity.visualscripting@1.8.0\Editor\VisualScripting.Core\Dependencies\YamlDotNet\Unity.VisualScripting.YamlDotNet.dll
Symbol file LoadedFromMemory doesn't match image F:\romain\Important\Idée jeu\GameJam\jeu 1\project\Shoot-em\Library\PackageCache\com.unity.visualscripting@1.8.0\Editor\VisualScripting.Core\Dependencies\DotNetZip\Unity.VisualScripting.IonicZip.dll
- Loaded All Assemblies, in  0.500 seconds
Refreshing native plugins compatible for Editor in 0.85 ms, found 3 plugins.
Native extension for WindowsStandalone target not found
Mono: successfully reloaded assembly
- Finished resetting the current domain, in  0.636 seconds
Domain Reload Profiling: 1134ms
	BeginReloadAssembly (164ms)
		ExecutionOrderSort (0ms)
		DisableScriptedObjects (4ms)
		BackupInstance (0ms)
		ReleaseScriptingObjects (0ms)
		CreateAndSetChildDomain (37ms)
	RebuildCommonClasses (32ms)
	RebuildNativeTypeToScriptingClass (13ms)
	initialDomainReloadingComplete (25ms)
	LoadAllAssembliesAndSetupDomain (264ms)
		LoadAssemblies (256ms)
		RebuildTransferFunctionScriptingTraits (0ms)
		AnalyzeDomain (96ms)
			TypeCache.Refresh (4ms)
				TypeCache.ScanAssembly (0ms)
			BuildScriptInfoCaches (87ms)
			ResolveRequiredComponents (3ms)
	FinalizeReload (637ms)
		ReleaseScriptCaches (0ms)
		RebuildScriptCaches (0ms)
		SetupLoadedEditorAssemblies (461ms)
			LogAssemblyErrors (0ms)
			InitializePlatformSupportModulesInManaged (2ms)
			SetLoadedEditorAssemblies (3ms)
			BeforeProcessingInitializeOnLoad (33ms)
			ProcessInitializeOnLoadAttributes (395ms)
			ProcessInitializeOnLoadMethodAttributes (20ms)
			AfterProcessingInitializeOnLoad (8ms)
			EditorAssembliesLoaded (0ms)
		ExecutionOrderSort2 (0ms)
		AwakeInstancesAfterBackupRestoration (9ms)
Refreshing native plugins compatible for Editor in 1.10 ms, found 3 plugins.
Preloading 0 native plugins for Editor in 0.00 ms.
Unloading 0 Unused Serialized files (Serialized files now loaded: 0)
Unloading 3530 unused Assets / (1.0 MB). Loaded Objects now: 4154.
Memory consumption went from 117.3 MB to 116.2 MB.
Total: 7.211300 ms (FindLiveObjects: 0.429500 ms CreateObjectMapping: 0.503400 ms MarkObjects: 5.364200 ms  DeleteObjects: 0.913200 ms)

Prepare: number of updated asset objects reloaded= 0
========================================================================
Received Import Request.
  Time since last request: 335.283690 seconds.
  path: Assets/Material/Vert 1.mat
  artifactKey: Guid(dcb3bd870b5a3f14db5d467bd93a32dd) Importer(815301076,1909f56bfc062723c751e8b465ee728b)
Start importing Assets/Material/Vert 1.mat using Guid(dcb3bd870b5a3f14db5d467bd93a32dd) Importer(815301076,1909f56bfc062723c751e8b465ee728b) (PreviewImporter) -> (artifact id: 'f59e3e69090a8cf59f3c06e4a095f4f1') in 0.064068 seconds
Number of updated asset objects reloaded before import = 0Number of asset objects unloaded after import = 1

========================================================================
Received Import Request.
  Time since last request: 5.047468 seconds.
  path: Assets/Material/MetalicGreen.mat
  artifactKey: Guid(dcb3bd870b5a3f14db5d467bd93a32dd) Importer(815301076,1909f56bfc062723c751e8b465ee728b)
Start importing Assets/Material/MetalicGreen.mat using Guid(dcb3bd870b5a3f14db5d467bd93a32dd) Importer(815301076,1909f56bfc062723c751e8b465ee728b) (PreviewImporter) -> (artifact id: 'cfe5c9905355c1296316da64596f3d20') in 0.0120551 seconds
Number of updated asset objects reloaded before import = 0Number of asset objects unloaded after import = 1

========================================================================
Received Prepare
Begin MonoManager ReloadAssembly
Symbol file LoadedFromMemory doesn't match image F:\romain\Important\Idée jeu\GameJam\jeu 1\project\Shoot-em\Library\PackageCache\com.unity.visualscripting@1.8.0\Editor\VisualScripting.Core\Dependencies\YamlDotNet\Unity.VisualScripting.YamlDotNet.dll
Symbol file LoadedFromMemory doesn't match image F:\romain\Important\Idée jeu\GameJam\jeu 1\project\Shoot-em\Library\PackageCache\com.unity.visualscripting@1.8.0\Editor\VisualScripting.Core\Dependencies\DotNetZip\Unity.VisualScripting.IonicZip.dll
- Loaded All Assemblies, in  0.495 seconds
Refreshing native plugins compatible for Editor in 1.00 ms, found 3 plugins.
Native extension for WindowsStandalone target not found
Mono: successfully reloaded assembly
- Finished resetting the current domain, in  0.599 seconds
Domain Reload Profiling: 1093ms
	BeginReloadAssembly (163ms)
		ExecutionOrderSort (0ms)
		DisableScriptedObjects (4ms)
		BackupInstance (0ms)
		ReleaseScriptingObjects (0ms)
		CreateAndSetChildDomain (39ms)
	RebuildCommonClasses (28ms)
	RebuildNativeTypeToScriptingClass (10ms)
	initialDomainReloadingComplete (31ms)
	LoadAllAssembliesAndSetupDomain (262ms)
		LoadAssemblies (252ms)
		RebuildTransferFunctionScriptingTraits (0ms)
		AnalyzeDomain (96ms)
			TypeCache.Refresh (5ms)
				TypeCache.ScanAssembly (0ms)
			BuildScriptInfoCaches (87ms)
			ResolveRequiredComponents (3ms)
	FinalizeReload (600ms)
		ReleaseScriptCaches (0ms)
		RebuildScriptCaches (0ms)
		SetupLoadedEditorAssemblies (433ms)
			LogAssemblyErrors (0ms)
			InitializePlatformSupportModulesInManaged (2ms)
			SetLoadedEditorAssemblies (3ms)
			BeforeProcessingInitializeOnLoad (34ms)
			ProcessInitializeOnLoadAttributes (371ms)
			ProcessInitializeOnLoadMethodAttributes (16ms)
			AfterProcessingInitializeOnLoad (6ms)
			EditorAssembliesLoaded (0ms)
		ExecutionOrderSort2 (0ms)
		AwakeInstancesAfterBackupRestoration (7ms)
Refreshing native plugins compatible for Editor in 1.15 ms, found 3 plugins.
Preloading 0 native plugins for Editor in 0.00 ms.
Unloading 0 Unused Serialized files (Serialized files now loaded: 0)
Unloading 3530 unused Assets / (1.0 MB). Loaded Objects now: 4154.
Memory consumption went from 119.2 MB to 118.2 MB.
Total: 6.282500 ms (FindLiveObjects: 0.358500 ms CreateObjectMapping: 0.372000 ms MarkObjects: 4.528800 ms  DeleteObjects: 1.022600 ms)

Prepare: number of updated asset objects reloaded= 0
========================================================================
Received Import Request.
  Time since last request: 57.015761 seconds.
  path: Assets/Material/White 1.mat
  artifactKey: Guid(faa404ba3a6af1b41a4a907645bae5d7) Importer(815301076,1909f56bfc062723c751e8b465ee728b)
Start importing Assets/Material/White 1.mat using Guid(faa404ba3a6af1b41a4a907645bae5d7) Importer(815301076,1909f56bfc062723c751e8b465ee728b) (PreviewImporter) -> (artifact id: 'cdea9b0256b39c685e4de99ba9be8de9') in 0.0667162 seconds
Number of updated asset objects reloaded before import = 0Number of asset objects unloaded after import = 1

========================================================================
Received Import Request.
  Time since last request: 10.559365 seconds.
  path: Assets/Material/MetalicWhite.mat
  artifactKey: Guid(faa404ba3a6af1b41a4a907645bae5d7) Importer(815301076,1909f56bfc062723c751e8b465ee728b)
Start importing Assets/Material/MetalicWhite.mat using Guid(faa404ba3a6af1b41a4a907645bae5d7) Importer(815301076,1909f56bfc062723c751e8b465ee728b) (PreviewImporter) -> (artifact id: '8233d629e7afd05e85fd21d7cff408f2') in 0.0101267 seconds
Number of updated asset objects reloaded before import = 0Number of asset objects unloaded after import = 1

========================================================================
Received Prepare
Begin MonoManager ReloadAssembly
Symbol file LoadedFromMemory doesn't match image F:\romain\Important\Idée jeu\GameJam\jeu 1\project\Shoot-em\Library\PackageCache\com.unity.visualscripting@1.8.0\Editor\VisualScripting.Core\Dependencies\YamlDotNet\Unity.VisualScripting.YamlDotNet.dll
Symbol file LoadedFromMemory doesn't match image F:\romain\Important\Idée jeu\GameJam\jeu 1\project\Shoot-em\Library\PackageCache\com.unity.visualscripting@1.8.0\Editor\VisualScripting.Core\Dependencies\DotNetZip\Unity.VisualScripting.IonicZip.dll
- Loaded All Assemblies, in  0.497 seconds
Refreshing native plugins compatible for Editor in 0.76 ms, found 3 plugins.
Native extension for WindowsStandalone target not found
Mono: successfully reloaded assembly
- Finished resetting the current domain, in  0.584 seconds
Domain Reload Profiling: 1079ms
	BeginReloadAssembly (167ms)
		ExecutionOrderSort (0ms)
		DisableScriptedObjects (4ms)
		BackupInstance (0ms)
		ReleaseScriptingObjects (0ms)
		CreateAndSetChildDomain (39ms)
	RebuildCommonClasses (33ms)
	RebuildNativeTypeToScriptingClass (14ms)
	initialDomainReloadingComplete (23ms)
	LoadAllAssembliesAndSetupDomain (258ms)
		LoadAssemblies (251ms)
		RebuildTransferFunctionScriptingTraits (0ms)
		AnalyzeDomain (95ms)
			TypeCache.Refresh (5ms)
				TypeCache.ScanAssembly (0ms)
			BuildScriptInfoCaches (86ms)
			ResolveRequiredComponents (3ms)
	FinalizeReload (585ms)
		ReleaseScriptCaches (0ms)
		RebuildScriptCaches (0ms)
		SetupLoadedEditorAssemblies (434ms)
			LogAssemblyErrors (0ms)
			InitializePlatformSupportModulesInManaged (2ms)
			SetLoadedEditorAssemblies (3ms)
			BeforeProcessingInitializeOnLoad (34ms)
			ProcessInitializeOnLoadAttributes (374ms)
			ProcessInitializeOnLoadMethodAttributes (15ms)
			AfterProcessingInitializeOnLoad (6ms)
			EditorAssembliesLoaded (0ms)
		ExecutionOrderSort2 (0ms)
		AwakeInstancesAfterBackupRestoration (7ms)
Refreshing native plugins compatible for Editor in 1.06 ms, found 3 plugins.
Preloading 0 native plugins for Editor in 0.00 ms.
Unloading 0 Unused Serialized files (Serialized files now loaded: 0)
Unloading 3530 unused Assets / (1.1 MB). Loaded Objects now: 4154.
Memory consumption went from 121.1 MB to 120.0 MB.
Total: 6.682000 ms (FindLiveObjects: 0.380500 ms CreateObjectMapping: 0.439600 ms MarkObjects: 4.754600 ms  DeleteObjects: 1.106600 ms)

Prepare: number of updated asset objects reloaded= 0
========================================================================
Received Import Request.
  Time since last request: 480.394192 seconds.
  path: Assets/Imported asset/Shotgun Set/Art/PBRTextures/Guns/Wood/Materials/Wood062_1K_Color 2.mat
  artifactKey: Guid(5c04d7e9c969d1d4ea42d224fc98d658) Importer(815301076,1909f56bfc062723c751e8b465ee728b)
Start importing Assets/Imported asset/Shotgun Set/Art/PBRTextures/Guns/Wood/Materials/Wood062_1K_Color 2.mat using Guid(5c04d7e9c969d1d4ea42d224fc98d658) Importer(815301076,1909f56bfc062723c751e8b465ee728b) (PreviewImporter) -> (artifact id: '1c583a577dfe3ef6949328573d77b874') in 0.2884384 seconds
Number of updated asset objects reloaded before import = 0Number of asset objects unloaded after import = 4

========================================================================
Received Import Request.
  Time since last request: 0.791154 seconds.
  path: Assets/Imported asset/Shotgun Set/Art/PBRTextures/Guns/Wood/Materials/Wood062_1K_Color.mat
  artifactKey: Guid(a18ae747b69d5d749a770d56981c57de) Importer(815301076,1909f56bfc062723c751e8b465ee728b)
Start importing Assets/Imported asset/Shotgun Set/Art/PBRTextures/Guns/Wood/Materials/Wood062_1K_Color.mat using Guid(a18ae747b69d5d749a770d56981c57de) Importer(815301076,1909f56bfc062723c751e8b465ee728b) (PreviewImporter) -> (artifact id: 'ee5de04c95c000e45e004752fa7a2228') in 0.0139313 seconds
Number of updated asset objects reloaded before import = 0Number of asset objects unloaded after import = 4

========================================================================
Received Import Request.
  Time since last request: 0.017922 seconds.
  path: Assets/Imported asset/Shotgun Set/Art/PBRTextures/Guns/Yellow/Materials/Wood06_1K_BaseColor 1.mat
  artifactKey: Guid(3cb52f886bdcb9342817e47fd55fe3e2) Importer(815301076,1909f56bfc062723c751e8b465ee728b)
Start importing Assets/Imported asset/Shotgun Set/Art/PBRTextures/Guns/Yellow/Materials/Wood06_1K_BaseColor 1.mat using Guid(3cb52f886bdcb9342817e47fd55fe3e2) Importer(815301076,1909f56bfc062723c751e8b465ee728b) (PreviewImporter) -> (artifact id: '2bc678cd86036c92c5a52c203bc7dea1') in 0.0829679 seconds
Number of updated asset objects reloaded before import = 0Number of asset objects unloaded after import = 4

========================================================================
Received Import Request.
  Time since last request: 0.000016 seconds.
  path: Assets/Imported asset/Shotgun Set/Art/PBRTextures/Guns/Yellow/Materials/Wood06_1K_BaseColor.mat
  artifactKey: Guid(93e15ed18bbf2334891dec41f09edc9b) Importer(815301076,1909f56bfc062723c751e8b465ee728b)
Start importing Assets/Imported asset/Shotgun Set/Art/PBRTextures/Guns/Yellow/Materials/Wood06_1K_BaseColor.mat using Guid(93e15ed18bbf2334891dec41f09edc9b) Importer(815301076,1909f56bfc062723c751e8b465ee728b) (PreviewImporter) -> (artifact id: '8659931849df345452633f231ed3742b') in 0.0124109 seconds
Number of updated asset objects reloaded before import = 0Number of asset objects unloaded after import = 4

========================================================================
Received Import Request.
  Time since last request: 0.000019 seconds.
  path: Assets/Imported asset/Shotgun Set/Art/PBRTextures/Guns/LightWood/Materials/Wood059_1K_Color.mat
  artifactKey: Guid(3c62b99914ea1444c89ad476a051da77) Importer(815301076,1909f56bfc062723c751e8b465ee728b)
Start importing Assets/Imported asset/Shotgun Set/Art/PBRTextures/Guns/LightWood/Materials/Wood059_1K_Color.mat using Guid(3c62b99914ea1444c89ad476a051da77) Importer(815301076,1909f56bfc062723c751e8b465ee728b) (PreviewImporter) -> (artifact id: '36e7e128d87179e4fb16a82b677725f2') in 0.1154096 seconds
Number of updated asset objects reloaded before import = 0Number of asset objects unloaded after import = 4

========================================================================
Received Import Request.
  Time since last request: 0.000015 seconds.
  path: Assets/Imported asset/Modern Weapons Pack/Skorpion VZ/FBX/Materials/Skorpion_VS.mat
  artifactKey: Guid(a56b024fb81a99946b3bba4ad8e3bff5) Importer(815301076,1909f56bfc062723c751e8b465ee728b)
Start importing Assets/Imported asset/Modern Weapons Pack/Skorpion VZ/FBX/Materials/Skorpion_VS.mat using Guid(a56b024fb81a99946b3bba4ad8e3bff5) Importer(815301076,1909f56bfc062723c751e8b465ee728b) (PreviewImporter) -> (artifact id: 'c3c02bd102fbba8ec4226ca7852b6e6a') in 0.0267392 seconds
Number of updated asset objects reloaded before import = 0Number of asset objects unloaded after import = 3

========================================================================
Received Import Request.
  Time since last request: 0.000014 seconds.
  path: Assets/Imported asset/Modern Weapons Pack/M18 Smoke Grenade/FBX/Materials/Smoke Grenade DIF.mat
  artifactKey: Guid(ad39900d8b8e5ac43a0d0e8dbd426e51) Importer(815301076,1909f56bfc062723c751e8b465ee728b)
Start importing Assets/Imported asset/Modern Weapons Pack/M18 Smoke Grenade/FBX/Materials/Smoke Grenade DIF.mat using Guid(ad39900d8b8e5ac43a0d0e8dbd426e51) Importer(815301076,1909f56bfc062723c751e8b465ee728b) (PreviewImporter) -> (artifact id: 'ec0e8193986974e3ed236f2f32a03b58') in 0.0789099 seconds
Number of updated asset objects reloaded before import = 0Number of asset objects unloaded after import = 2

========================================================================
Received Import Request.
  Time since last request: 0.322049 seconds.
  path: Assets/Imported asset/Modern Weapons Pack/ACOG Sight/FBX/Materials/Rear_Lens.mat
  artifactKey: Guid(7289389567321af4f9cb1ad5524134ab) Importer(815301076,1909f56bfc062723c751e8b465ee728b)
Start importing Assets/Imported asset/Modern Weapons Pack/ACOG Sight/FBX/Materials/Rear_Lens.mat using Guid(7289389567321af4f9cb1ad5524134ab) Importer(815301076,1909f56bfc062723c751e8b465ee728b) (PreviewImporter) -> (artifact id: '1314950f5029f68489bb2684f6a8dcb1') in 0.1361199 seconds
Number of updated asset objects reloaded before import = 0Number of asset objects unloaded after import = 2

========================================================================
Received Import Request.
  Time since last request: 0.000017 seconds.
  path: Assets/Imported asset/PolygonMini_CityCharacters/Materials/PolygonMinis_Yellow_A.mat
  artifactKey: Guid(25c3a82dbd84caf4aa7e49558de0e4f6) Importer(815301076,1909f56bfc062723c751e8b465ee728b)
Start importing Assets/Imported asset/PolygonMini_CityCharacters/Materials/PolygonMinis_Yellow_A.mat using Guid(25c3a82dbd84caf4aa7e49558de0e4f6) Importer(815301076,1909f56bfc062723c751e8b465ee728b) (PreviewImporter) -> (artifact id: '3df8ca6ae677912f615d801dc35ffde9') in 0.0504978 seconds
Number of updated asset objects reloaded before import = 0Number of asset objects unloaded after import = 2

========================================================================
Received Import Request.
  Time since last request: 0.000022 seconds.
  path: Assets/Imported asset/PolygonMini_CityCharacters/Materials/PolygonMinis_Red_B.mat
  artifactKey: Guid(3babaccd18d723f48b169645fd725d87) Importer(815301076,1909f56bfc062723c751e8b465ee728b)
Start importing Assets/Imported asset/PolygonMini_CityCharacters/Materials/PolygonMinis_Red_B.mat using Guid(3babaccd18d723f48b169645fd725d87) Importer(815301076,1909f56bfc062723c751e8b465ee728b) (PreviewImporter) -> (artifact id: '473616fa49e59d8e3db8f135c8973772') in 0.0338907 seconds
Number of updated asset objects reloaded before import = 0Number of asset objects unloaded after import = 2

========================================================================
Received Import Request.
  Time since last request: 0.000014 seconds.
  path: Assets/Imported asset/PolygonMini_CityCharacters/Materials/PolygonMinis_Red_A.mat
  artifactKey: Guid(be081d40810ee074dbc4c036bf475716) Importer(815301076,1909f56bfc062723c751e8b465ee728b)
Start importing Assets/Imported asset/PolygonMini_CityCharacters/Materials/PolygonMinis_Red_A.mat using Guid(be081d40810ee074dbc4c036bf475716) Importer(815301076,1909f56bfc062723c751e8b465ee728b) (PreviewImporter) -> (artifact id: '40361c4ff6f5d598b5aa6f75cd0a9c70') in 0.0376253 seconds
Number of updated asset objects reloaded before import = 0Number of asset objects unloaded after import = 2

========================================================================
Received Import Request.
  Time since last request: 1.872729 seconds.
  path: Assets/Imported asset/PolygonMini_CityCharacters/Materials/PolygonMinis_Green_A.mat
  artifactKey: Guid(d5532418ec14b52438f143677f9ebbe4) Importer(815301076,1909f56bfc062723c751e8b465ee728b)
Start importing Assets/Imported asset/PolygonMini_CityCharacters/Materials/PolygonMinis_Green_A.mat using Guid(d5532418ec14b52438f143677f9ebbe4) Importer(815301076,1909f56bfc062723c751e8b465ee728b) (PreviewImporter) -> (artifact id: '25cb2f1bde7a53eb7f1719ef749d63c0') in 0.0309587 seconds
Number of updated asset objects reloaded before import = 0Number of asset objects unloaded after import = 2

========================================================================
Received Import Request.
  Time since last request: 0.083289 seconds.
  path: Assets/Imported asset/PolygonMini_CityCharacters/Materials/PolygonMinis_Blue_C.mat
  artifactKey: Guid(d96e2c7c11195814896015d9cc6d4a04) Importer(815301076,1909f56bfc062723c751e8b465ee728b)
Start importing Assets/Imported asset/PolygonMini_CityCharacters/Materials/PolygonMinis_Blue_C.mat using Guid(d96e2c7c11195814896015d9cc6d4a04) Importer(815301076,1909f56bfc062723c751e8b465ee728b) (PreviewImporter) -> (artifact id: '07a8b4c12bbc3b075585ec654ded6e4d') in 0.0186147 seconds
Number of updated asset objects reloaded before import = 0Number of asset objects unloaded after import = 2

========================================================================
Received Import Request.
  Time since last request: 0.000013 seconds.
  path: Assets/Imported asset/PolygonMini_CityCharacters/Materials/PolygonMinis_Blue_A.mat
  artifactKey: Guid(32829f0d19998d74d93ac02af6e772f6) Importer(815301076,1909f56bfc062723c751e8b465ee728b)
Start importing Assets/Imported asset/PolygonMini_CityCharacters/Materials/PolygonMinis_Blue_A.mat using Guid(32829f0d19998d74d93ac02af6e772f6) Importer(815301076,1909f56bfc062723c751e8b465ee728b) (PreviewImporter) -> (artifact id: 'c6e239837faa8835e778a8f083a9b49d') in 0.0429256 seconds
Number of updated asset objects reloaded before import = 0Number of asset objects unloaded after import = 2

========================================================================
Received Import Request.
  Time since last request: 0.000013 seconds.
  path: Assets/Imported asset/PolygonMini_City/Materials/PolygonMiniCity_01_Yellow.mat
  artifactKey: Guid(867617ed2027c3d469cc31a3cf8b1318) Importer(815301076,1909f56bfc062723c751e8b465ee728b)
Start importing Assets/Imported asset/PolygonMini_City/Materials/PolygonMiniCity_01_Yellow.mat using Guid(867617ed2027c3d469cc31a3cf8b1318) Importer(815301076,1909f56bfc062723c751e8b465ee728b) (PreviewImporter) -> (artifact id: '6506f9aa884cb242c18d09d0f789a66a') in 0.1936324 seconds
Number of updated asset objects reloaded before import = 0Number of asset objects unloaded after import = 4

========================================================================
Received Import Request.
  Time since last request: 0.974619 seconds.
  path: Assets/Imported asset/PolygonMini_City/Materials/PolygonMiniCity_01_Purple.mat
  artifactKey: Guid(5231ec2ea17b1954d842fddc82beec7a) Importer(815301076,1909f56bfc062723c751e8b465ee728b)
Start importing Assets/Imported asset/PolygonMini_City/Materials/PolygonMiniCity_01_Purple.mat using Guid(5231ec2ea17b1954d842fddc82beec7a) Importer(815301076,1909f56bfc062723c751e8b465ee728b) (PreviewImporter) -> (artifact id: '8fca4c77f7539f7f7afcc60c94680385') in 0.1929689 seconds
Number of updated asset objects reloaded before import = 0Number of asset objects unloaded after import = 4

========================================================================
Received Import Request.
  Time since last request: 0.000021 seconds.
  path: Assets/Imported asset/Shotgun Set/Art/Staticmesh/Guns/Bullpup 12GA.fbx
  artifactKey: Guid(84f147ffc11935c43a8338e7207459a8) Importer(815301076,1909f56bfc062723c751e8b465ee728b)
Start importing Assets/Imported asset/Shotgun Set/Art/Staticmesh/Guns/Bullpup 12GA.fbx using Guid(84f147ffc11935c43a8338e7207459a8) Importer(815301076,1909f56bfc062723c751e8b465ee728b) (PreviewImporter) -> (artifact id: '530f978c2af62cf1ed4df8c77bf6f58d') in 1.3132372 seconds
Number of updated asset objects reloaded before import = 0Number of asset objects unloaded after import = 174

========================================================================
Received Import Request.
  Time since last request: 0.960861 seconds.
  path: Assets/Imported asset/Shotgun Set/Art/PBRTextures/Guns/SilverMetal/Materials/Metal011_1K_Color 5.mat
  artifactKey: Guid(2c28d0c4cb9a1b64d88f6e8ab23a5c36) Importer(815301076,1909f56bfc062723c751e8b465ee728b)
Start importing Assets/Imported asset/Shotgun Set/Art/PBRTextures/Guns/SilverMetal/Materials/Metal011_1K_Color 5.mat using Guid(2c28d0c4cb9a1b64d88f6e8ab23a5c36) Importer(815301076,1909f56bfc062723c751e8b465ee728b) (PreviewImporter) -> (artifact id: '7b5467e634e492768ba577d66406ab8d') in 0.0118121 seconds
Number of updated asset objects reloaded before import = 0Number of asset objects unloaded after import = 4

========================================================================
Received Import Request.
  Time since last request: 0.010893 seconds.
  path: Assets/Imported asset/Shotgun Set/Art/PBRTextures/Guns/SilverMetal/Materials/Metal011_1K_Color 2.mat
  artifactKey: Guid(8086bb0541814a54dae97ae694215d87) Importer(815301076,1909f56bfc062723c751e8b465ee728b)
Start importing Assets/Imported asset/Shotgun Set/Art/PBRTextures/Guns/SilverMetal/Materials/Metal011_1K_Color 2.mat using Guid(8086bb0541814a54dae97ae694215d87) Importer(815301076,1909f56bfc062723c751e8b465ee728b) (PreviewImporter) -> (artifact id: 'fbda24bb5f76a01288963f09be88c6ea') in 0.0136108 seconds
Number of updated asset objects reloaded before import = 0Number of asset objects unloaded after import = 4

========================================================================
Received Import Request.
  Time since last request: 0.018596 seconds.
  path: Assets/Imported asset/Shotgun Set/Art/PBRTextures/Case/Copper/Materials/Metal008_1K_Color.mat
  artifactKey: Guid(748b0ccea16b74a4fa4ec9bb935f73f3) Importer(815301076,1909f56bfc062723c751e8b465ee728b)
Start importing Assets/Imported asset/Shotgun Set/Art/PBRTextures/Case/Copper/Materials/Metal008_1K_Color.mat using Guid(748b0ccea16b74a4fa4ec9bb935f73f3) Importer(815301076,1909f56bfc062723c751e8b465ee728b) (PreviewImporter) -> (artifact id: '12e953612d342f201811b1a485e4cdf0') in 0.1101922 seconds
Number of updated asset objects reloaded before import = 0Number of asset objects unloaded after import = 4

========================================================================
Received Import Request.
  Time since last request: 0.143940 seconds.
  path: Assets/Imported asset/GunAssets/M16A1/Materials/M16A1(2).mat
  artifactKey: Guid(f61000bb8c31f7e4f94023ff8f6910a5) Importer(815301076,1909f56bfc062723c751e8b465ee728b)
Start importing Assets/Imported asset/GunAssets/M16A1/Materials/M16A1(2).mat using Guid(f61000bb8c31f7e4f94023ff8f6910a5) Importer(815301076,1909f56bfc062723c751e8b465ee728b) (PreviewImporter) -> (artifact id: '96081d687908c5b1d083d247cba0047f') in 0.0316726 seconds
Number of updated asset objects reloaded before import = 0Number of asset objects unloaded after import = 2

========================================================================
Received Import Request.
  Time since last request: 0.016176 seconds.
  path: Assets/Imported asset/Modern Weapons Pack/M4A1/FBX/Materials/M4A1 Sopmod Body Diffuse.mat
  artifactKey: Guid(78ab691430c4c3948bafc63e58d78702) Importer(815301076,1909f56bfc062723c751e8b465ee728b)
Start importing Assets/Imported asset/Modern Weapons Pack/M4A1/FBX/Materials/M4A1 Sopmod Body Diffuse.mat using Guid(78ab691430c4c3948bafc63e58d78702) Importer(815301076,1909f56bfc062723c751e8b465ee728b) (PreviewImporter) -> (artifact id: '94fc94b91f6258e0aca446be1f788a00') in 0.1377004 seconds
Number of updated asset objects reloaded before import = 0Number of asset objects unloaded after import = 3

========================================================================
Received Import Request.
  Time since last request: 0.306169 seconds.
  path: Assets/Imported asset/GunAssets/L85A1/Materials/L85A1(1).mat
  artifactKey: Guid(df0eff485a65ef14c8a7ec8d426fe464) Importer(815301076,1909f56bfc062723c751e8b465ee728b)
Start importing Assets/Imported asset/GunAssets/L85A1/Materials/L85A1(1).mat using Guid(df0eff485a65ef14c8a7ec8d426fe464) Importer(815301076,1909f56bfc062723c751e8b465ee728b) (PreviewImporter) -> (artifact id: '67e1e492187a1e12b3b56877626af61a') in 0.0523921 seconds
Number of updated asset objects reloaded before import = 0Number of asset objects unloaded after import = 2

========================================================================
Received Import Request.
  Time since last request: 0.000016 seconds.
  path: Assets/Imported asset/GunAssets/FN F2000/Materials/FN F2000(2).mat
  artifactKey: Guid(7277246e2356d114899a18681f6a9dbd) Importer(815301076,1909f56bfc062723c751e8b465ee728b)
Start importing Assets/Imported asset/GunAssets/FN F2000/Materials/FN F2000(2).mat using Guid(7277246e2356d114899a18681f6a9dbd) Importer(815301076,1909f56bfc062723c751e8b465ee728b) (PreviewImporter) -> (artifact id: 'b3ab9bc9c52fe60a16c3872dc21f0231') in 0.1317693 seconds
Number of updated asset objects reloaded before import = 0Number of asset objects unloaded after import = 2

========================================================================
Received Import Request.
  Time since last request: 0.049932 seconds.
  path: Assets/Imported asset/Shotgun Set/Art/PBRTextures/Guns/BlackLine/Materials/Fabric049_1K_Color 1.mat
  artifactKey: Guid(a112f68e38211a7409a74ae53fd97e90) Importer(815301076,1909f56bfc062723c751e8b465ee728b)
Start importing Assets/Imported asset/Shotgun Set/Art/PBRTextures/Guns/BlackLine/Materials/Fabric049_1K_Color 1.mat using Guid(a112f68e38211a7409a74ae53fd97e90) Importer(815301076,1909f56bfc062723c751e8b465ee728b) (PreviewImporter) -> (artifact id: '200557b5048a4d19d787a3a907c7935c') in 0.1673119 seconds
Number of updated asset objects reloaded before import = 0Number of asset objects unloaded after import = 4

========================================================================
Received Import Request.
  Time since last request: 0.000019 seconds.
  path: Assets/Imported asset/Shotgun Set/Art/PBRTextures/Guns/Blue/Materials/Fabric022_1K_Color 3.mat
  artifactKey: Guid(fbd47aa40519cc244a184d12cda7fcee) Importer(815301076,1909f56bfc062723c751e8b465ee728b)
Start importing Assets/Imported asset/Shotgun Set/Art/PBRTextures/Guns/Blue/Materials/Fabric022_1K_Color 3.mat using Guid(fbd47aa40519cc244a184d12cda7fcee) Importer(815301076,1909f56bfc062723c751e8b465ee728b) (PreviewImporter) -> (artifact id: '51af31d48fa2039a857e8e4c658fcab6') in 0.0378435 seconds
Number of updated asset objects reloaded before import = 0Number of asset objects unloaded after import = 4

========================================================================
Received Import Request.
  Time since last request: 0.176744 seconds.
  path: Assets/Imported asset/GunAssets/AUG/Materials/AUG(1).mat
  artifactKey: Guid(617d84f986e8d1f44a568a22fff56431) Importer(815301076,1909f56bfc062723c751e8b465ee728b)
Start importing Assets/Imported asset/GunAssets/AUG/Materials/AUG(1).mat using Guid(617d84f986e8d1f44a568a22fff56431) Importer(815301076,1909f56bfc062723c751e8b465ee728b) (PreviewImporter) -> (artifact id: '6ec290b2b900ed97407becb430bb2677') in 0.0408337 seconds
Number of updated asset objects reloaded before import = 0Number of asset objects unloaded after import = 2

========================================================================
Received Import Request.
  Time since last request: 1.118264 seconds.
  path: Assets/Imported asset/GunAssets/AR15/Materials/AR15(1).mat
  artifactKey: Guid(cf26ea875a2e2d84db78b0f358dc7af3) Importer(815301076,1909f56bfc062723c751e8b465ee728b)
Start importing Assets/Imported asset/GunAssets/AR15/Materials/AR15(1).mat using Guid(cf26ea875a2e2d84db78b0f358dc7af3) Importer(815301076,1909f56bfc062723c751e8b465ee728b) (PreviewImporter) -> (artifact id: 'cb03ad4d4a2fb281b697e8af1664f976') in 0.1036198 seconds
Number of updated asset objects reloaded before import = 0Number of asset objects unloaded after import = 2

========================================================================
Received Import Request.
  Time since last request: 0.123437 seconds.
  path: Assets/Imported asset/nappin/Weapon Props Softpack/Materials/(Mat)GradientWhite_Reflective.mat
  artifactKey: Guid(79c5b4c5b4b1d7b438ba184a185904c7) Importer(815301076,1909f56bfc062723c751e8b465ee728b)
Start importing Assets/Imported asset/nappin/Weapon Props Softpack/Materials/(Mat)GradientWhite_Reflective.mat using Guid(79c5b4c5b4b1d7b438ba184a185904c7) Importer(815301076,1909f56bfc062723c751e8b465ee728b) (PreviewImporter) -> (artifact id: '9db00043d4eae40b430fb6223e0a874b') in 0.0730605 seconds
Number of updated asset objects reloaded before import = 0Number of asset objects unloaded after import = 2

========================================================================
Received Import Request.
  Time since last request: 0.000020 seconds.
  path: Assets/Imported asset/nappin/Weapon Props Softpack/Materials/(Mat)GradientWaterGreen_Reflective.mat
  artifactKey: Guid(d708c806f6d31a94f9feb1fe5581849d) Importer(815301076,1909f56bfc062723c751e8b465ee728b)
Start importing Assets/Imported asset/nappin/Weapon Props Softpack/Materials/(Mat)GradientWaterGreen_Reflective.mat using Guid(d708c806f6d31a94f9feb1fe5581849d) Importer(815301076,1909f56bfc062723c751e8b465ee728b) (PreviewImporter) -> (artifact id: '2a09c50bea8a98c3c12138712a241008') in 0.0497836 seconds
Number of updated asset objects reloaded before import = 0Number of asset objects unloaded after import = 2

========================================================================
Received Import Request.
  Time since last request: 1.256252 seconds.
  path: Assets/Imported asset/nappin/Weapon Props Softpack/Materials/(Mat)GradientOrange.mat
  artifactKey: Guid(a8aefa39c3940e345b99e90a74b9bbfc) Importer(815301076,1909f56bfc062723c751e8b465ee728b)
Start importing Assets/Imported asset/nappin/Weapon Props Softpack/Materials/(Mat)GradientOrange.mat using Guid(a8aefa39c3940e345b99e90a74b9bbfc) Importer(815301076,1909f56bfc062723c751e8b465ee728b) (PreviewImporter) -> (artifact id: '7ac9e9fdc9ea0a3b6be1169376ea0ed3') in 0.069121 seconds
Number of updated asset objects reloaded before import = 0Number of asset objects unloaded after import = 2

========================================================================
Received Import Request.
  Time since last request: 0.000014 seconds.
  path: Assets/Imported asset/nappin/Weapon Props Softpack/Materials/(Mat)GradientDarkBrown.mat
  artifactKey: Guid(e6cad24b14591d045a5e13ce6d63dfa5) Importer(815301076,1909f56bfc062723c751e8b465ee728b)
Start importing Assets/Imported asset/nappin/Weapon Props Softpack/Materials/(Mat)GradientDarkBrown.mat using Guid(e6cad24b14591d045a5e13ce6d63dfa5) Importer(815301076,1909f56bfc062723c751e8b465ee728b) (PreviewImporter) -> (artifact id: 'b5572b54912ca037700aa878ed06488e') in 0.0228653 seconds
Number of updated asset objects reloaded before import = 0Number of asset objects unloaded after import = 2

========================================================================
Received Import Request.
  Time since last request: 0.000023 seconds.
  path: Assets/Imported asset/nappin/Weapon Props Softpack/Materials/(Mat)GradientDarkGreen.mat
  artifactKey: Guid(6dab37671beb01644b88846345ce8b78) Importer(815301076,1909f56bfc062723c751e8b465ee728b)
Start importing Assets/Imported asset/nappin/Weapon Props Softpack/Materials/(Mat)GradientDarkGreen.mat using Guid(6dab37671beb01644b88846345ce8b78) Importer(815301076,1909f56bfc062723c751e8b465ee728b) (PreviewImporter) -> (artifact id: '21524c275f59abd229f1257fa3d8052f') in 0.1115026 seconds
Number of updated asset objects reloaded before import = 0Number of asset objects unloaded after import = 2

========================================================================
Received Prepare
Begin MonoManager ReloadAssembly
Symbol file LoadedFromMemory doesn't match image F:\romain\Important\Idée jeu\GameJam\jeu 1\project\Shoot-em\Library\PackageCache\com.unity.visualscripting@1.8.0\Editor\VisualScripting.Core\Dependencies\YamlDotNet\Unity.VisualScripting.YamlDotNet.dll
Symbol file LoadedFromMemory doesn't match image F:\romain\Important\Idée jeu\GameJam\jeu 1\project\Shoot-em\Library\PackageCache\com.unity.visualscripting@1.8.0\Editor\VisualScripting.Core\Dependencies\DotNetZip\Unity.VisualScripting.IonicZip.dll
- Loaded All Assemblies, in  0.583 seconds
Refreshing native plugins compatible for Editor in 0.92 ms, found 3 plugins.
Native extension for WindowsStandalone target not found
Mono: successfully reloaded assembly
- Finished resetting the current domain, in  0.693 seconds
Domain Reload Profiling: 1273ms
	BeginReloadAssembly (185ms)
		ExecutionOrderSort (0ms)
		DisableScriptedObjects (4ms)
		BackupInstance (0ms)
		ReleaseScriptingObjects (0ms)
		CreateAndSetChildDomain (44ms)
	RebuildCommonClasses (29ms)
	RebuildNativeTypeToScriptingClass (11ms)
	initialDomainReloadingComplete (34ms)
	LoadAllAssembliesAndSetupDomain (321ms)
		LoadAssemblies (317ms)
		RebuildTransferFunctionScriptingTraits (0ms)
		AnalyzeDomain (104ms)
			TypeCache.Refresh (6ms)
				TypeCache.ScanAssembly (0ms)
			BuildScriptInfoCaches (92ms)
			ResolveRequiredComponents (3ms)
	FinalizeReload (694ms)
		ReleaseScriptCaches (0ms)
		RebuildScriptCaches (0ms)
		SetupLoadedEditorAssemblies (503ms)
			LogAssemblyErrors (0ms)
			InitializePlatformSupportModulesInManaged (2ms)
			SetLoadedEditorAssemblies (4ms)
			BeforeProcessingInitializeOnLoad (40ms)
			ProcessInitializeOnLoadAttributes (427ms)
			ProcessInitializeOnLoadMethodAttributes (21ms)
			AfterProcessingInitializeOnLoad (8ms)
			EditorAssembliesLoaded (0ms)
		ExecutionOrderSort2 (0ms)
		AwakeInstancesAfterBackupRestoration (10ms)
Refreshing native plugins compatible for Editor in 0.93 ms, found 3 plugins.
Preloading 0 native plugins for Editor in 0.00 ms.
Unloading 0 Unused Serialized files (Serialized files now loaded: 0)
Unloading 3530 unused Assets / (1.0 MB). Loaded Objects now: 4159.
Memory consumption went from 123.5 MB to 122.4 MB.
Total: 6.840700 ms (FindLiveObjects: 0.414200 ms CreateObjectMapping: 0.407300 ms MarkObjects: 4.970600 ms  DeleteObjects: 1.048100 ms)

Prepare: number of updated asset objects reloaded= 0
========================================================================
Received Import Request.
  Time since last request: 1026.451197 seconds.
  path: Assets/Material/MetalicWhite.mat
  artifactKey: Guid(faa404ba3a6af1b41a4a907645bae5d7) Importer(815301076,1909f56bfc062723c751e8b465ee728b)
Start importing Assets/Material/MetalicWhite.mat using Guid(faa404ba3a6af1b41a4a907645bae5d7) Importer(815301076,1909f56bfc062723c751e8b465ee728b) (PreviewImporter) -> (artifact id: 'e11beea936d802d8614d0e0e88bb7ac1') in 0.0699629 seconds
Number of updated asset objects reloaded before import = 0Number of asset objects unloaded after import = 1

========================================================================
Received Import Request.
  Time since last request: 38.671747 seconds.
  path: Assets/Material/MetalicWhite.mat
  artifactKey: Guid(faa404ba3a6af1b41a4a907645bae5d7) Importer(815301076,1909f56bfc062723c751e8b465ee728b)
Start importing Assets/Material/MetalicWhite.mat using Guid(faa404ba3a6af1b41a4a907645bae5d7) Importer(815301076,1909f56bfc062723c751e8b465ee728b) (PreviewImporter) -> (artifact id: '9eb22584ffc1622ce7402289f83b9578') in 0.0105375 seconds
Number of updated asset objects reloaded before import = 0Number of asset objects unloaded after import = 1

